[0.050s] DEBUG:colcon:Command line arguments: ['/usr/bin/colcon', 'build', '--packages-select', 'catbot_interfaces']
[0.050s] DEBUG:colcon:Parsed command line arguments: Namespace(log_base=None, log_level=None, verb_name='build', build_base='build', install_base='install', merge_install=False, symlink_install=False, test_result_base=None, continue_on_error=False, executor='parallel', parallel_workers=22, event_handlers=None, ignore_user_meta=False, metas=['./colcon.meta'], base_paths=['.'], packages_ignore=None, packages_ignore_regex=None, paths=None, packages_up_to=None, packages_up_to_regex=None, packages_above=None, packages_above_and_dependencies=None, packages_above_depth=None, packages_select_by_dep=None, packages_skip_by_dep=None, packages_skip_up_to=None, packages_select_build_failed=False, packages_skip_build_finished=False, packages_select_test_failures=False, packages_skip_test_passed=False, packages_select=['catbot_interfaces'], packages_skip=None, packages_select_regex=None, packages_skip_regex=None, packages_start=None, packages_end=None, allow_overriding=[], cmake_args=None, cmake_target=None, cmake_target_skip_unavailable=False, cmake_clean_cache=False, cmake_clean_first=False, cmake_force_configure=False, ament_cmake_args=None, catkin_cmake_args=None, catkin_skip_building_tests=False, verb_parser=<colcon_defaults.argument_parser.defaults.DefaultArgumentsDecorator object at 0x76d28f1280d0>, verb_extension=<colcon_core.verb.build.BuildVerb object at 0x76d28f2715a0>, main=<bound method BuildVerb.main of <colcon_core.verb.build.BuildVerb object at 0x76d28f2715a0>>)
[0.125s] Level 1:colcon.colcon_core.package_discovery:discover_packages(colcon_meta) check parameters
[0.125s] Level 1:colcon.colcon_core.package_discovery:discover_packages(recursive) check parameters
[0.125s] Level 1:colcon.colcon_core.package_discovery:discover_packages(ignore) check parameters
[0.125s] Level 1:colcon.colcon_core.package_discovery:discover_packages(path) check parameters
[0.125s] Level 1:colcon.colcon_core.package_discovery:discover_packages(colcon_meta) discover
[0.125s] Level 1:colcon.colcon_core.package_discovery:discover_packages(recursive) discover
[0.125s] INFO:colcon.colcon_core.package_discovery:Crawling recursively for packages in '/home/hj/catbot_ws'
[0.125s] Level 1:colcon.colcon_core.package_identification:_identify(.) by extensions ['ignore', 'ignore_ament_install']
[0.125s] Level 1:colcon.colcon_core.package_identification:_identify(.) by extension 'ignore'
[0.125s] Level 1:colcon.colcon_core.package_identification:_identify(.) by extension 'ignore_ament_install'
[0.125s] Level 1:colcon.colcon_core.package_identification:_identify(.) by extensions ['colcon_pkg']
[0.125s] Level 1:colcon.colcon_core.package_identification:_identify(.) by extension 'colcon_pkg'
[0.125s] Level 1:colcon.colcon_core.package_identification:_identify(.) by extensions ['colcon_meta']
[0.125s] Level 1:colcon.colcon_core.package_identification:_identify(.) by extension 'colcon_meta'
[0.125s] Level 1:colcon.colcon_core.package_identification:_identify(.) by extensions ['ros']
[0.125s] Level 1:colcon.colcon_core.package_identification:_identify(.) by extension 'ros'
[0.131s] Level 1:colcon.colcon_core.package_identification:_identify(.) by extensions ['cmake', 'python']
[0.131s] Level 1:colcon.colcon_core.package_identification:_identify(.) by extension 'cmake'
[0.131s] Level 1:colcon.colcon_core.package_identification:_identify(.) by extension 'python'
[0.131s] Level 1:colcon.colcon_core.package_identification:_identify(.) by extensions ['python_setup_py']
[0.131s] Level 1:colcon.colcon_core.package_identification:_identify(.) by extension 'python_setup_py'
[0.131s] Level 1:colcon.colcon_core.package_identification:_identify(build) by extensions ['ignore', 'ignore_ament_install']
[0.131s] Level 1:colcon.colcon_core.package_identification:_identify(build) by extension 'ignore'
[0.131s] Level 1:colcon.colcon_core.package_identification:_identify(build) ignored
[0.131s] Level 1:colcon.colcon_core.package_identification:_identify(install) by extensions ['ignore', 'ignore_ament_install']
[0.131s] Level 1:colcon.colcon_core.package_identification:_identify(install) by extension 'ignore'
[0.131s] Level 1:colcon.colcon_core.package_identification:_identify(install) ignored
[0.131s] Level 1:colcon.colcon_core.package_identification:_identify(log) by extensions ['ignore', 'ignore_ament_install']
[0.131s] Level 1:colcon.colcon_core.package_identification:_identify(log) by extension 'ignore'
[0.131s] Level 1:colcon.colcon_core.package_identification:_identify(log) ignored
[0.131s] Level 1:colcon.colcon_core.package_identification:_identify(src) by extensions ['ignore', 'ignore_ament_install']
[0.131s] Level 1:colcon.colcon_core.package_identification:_identify(src) by extension 'ignore'
[0.131s] Level 1:colcon.colcon_core.package_identification:_identify(src) by extension 'ignore_ament_install'
[0.131s] Level 1:colcon.colcon_core.package_identification:_identify(src) by extensions ['colcon_pkg']
[0.131s] Level 1:colcon.colcon_core.package_identification:_identify(src) by extension 'colcon_pkg'
[0.131s] Level 1:colcon.colcon_core.package_identification:_identify(src) by extensions ['colcon_meta']
[0.131s] Level 1:colcon.colcon_core.package_identification:_identify(src) by extension 'colcon_meta'
[0.131s] Level 1:colcon.colcon_core.package_identification:_identify(src) by extensions ['ros']
[0.131s] Level 1:colcon.colcon_core.package_identification:_identify(src) by extension 'ros'
[0.131s] Level 1:colcon.colcon_core.package_identification:_identify(src) by extensions ['cmake', 'python']
[0.131s] Level 1:colcon.colcon_core.package_identification:_identify(src) by extension 'cmake'
[0.131s] Level 1:colcon.colcon_core.package_identification:_identify(src) by extension 'python'
[0.131s] Level 1:colcon.colcon_core.package_identification:_identify(src) by extensions ['python_setup_py']
[0.131s] Level 1:colcon.colcon_core.package_identification:_identify(src) by extension 'python_setup_py'
[0.132s] Level 1:colcon.colcon_core.package_identification:_identify(src/catbot_interfaces) by extensions ['ignore', 'ignore_ament_install']
[0.132s] Level 1:colcon.colcon_core.package_identification:_identify(src/catbot_interfaces) by extension 'ignore'
[0.132s] Level 1:colcon.colcon_core.package_identification:_identify(src/catbot_interfaces) by extension 'ignore_ament_install'
[0.132s] Level 1:colcon.colcon_core.package_identification:_identify(src/catbot_interfaces) by extensions ['colcon_pkg']
[0.132s] Level 1:colcon.colcon_core.package_identification:_identify(src/catbot_interfaces) by extension 'colcon_pkg'
[0.132s] Level 1:colcon.colcon_core.package_identification:_identify(src/catbot_interfaces) by extensions ['colcon_meta']
[0.132s] Level 1:colcon.colcon_core.package_identification:_identify(src/catbot_interfaces) by extension 'colcon_meta'
[0.132s] Level 1:colcon.colcon_core.package_identification:_identify(src/catbot_interfaces) by extensions ['ros']
[0.132s] Level 1:colcon.colcon_core.package_identification:_identify(src/catbot_interfaces) by extension 'ros'
[0.133s] DEBUG:colcon.colcon_core.package_identification:Package 'src/catbot_interfaces' with type 'ros.ament_cmake' and name 'catbot_interfaces'
[0.133s] Level 1:colcon.colcon_core.package_discovery:discover_packages(recursive) using defaults
[0.133s] Level 1:colcon.colcon_core.package_discovery:discover_packages(ignore) discover
[0.133s] Level 1:colcon.colcon_core.package_discovery:discover_packages(ignore) using defaults
[0.133s] Level 1:colcon.colcon_core.package_discovery:discover_packages(path) discover
[0.133s] Level 1:colcon.colcon_core.package_discovery:discover_packages(path) using defaults
[0.143s] Level 1:colcon.colcon_core.package_discovery:discover_packages(prefix_path) check parameters
[0.143s] Level 1:colcon.colcon_core.package_discovery:discover_packages(prefix_path) discover
[0.145s] DEBUG:colcon.colcon_installed_package_information.package_discovery:Found 358 installed packages in /opt/ros/humble
[0.150s] Level 1:colcon.colcon_core.package_discovery:discover_packages(prefix_path) using defaults
[0.171s] Level 5:colcon.colcon_core.verb:set package 'catbot_interfaces' build argument 'cmake_args' from command line to 'None'
[0.171s] Level 5:colcon.colcon_core.verb:set package 'catbot_interfaces' build argument 'cmake_target' from command line to 'None'
[0.171s] Level 5:colcon.colcon_core.verb:set package 'catbot_interfaces' build argument 'cmake_target_skip_unavailable' from command line to 'False'
[0.171s] Level 5:colcon.colcon_core.verb:set package 'catbot_interfaces' build argument 'cmake_clean_cache' from command line to 'False'
[0.171s] Level 5:colcon.colcon_core.verb:set package 'catbot_interfaces' build argument 'cmake_clean_first' from command line to 'False'
[0.171s] Level 5:colcon.colcon_core.verb:set package 'catbot_interfaces' build argument 'cmake_force_configure' from command line to 'False'
[0.171s] Level 5:colcon.colcon_core.verb:set package 'catbot_interfaces' build argument 'ament_cmake_args' from command line to 'None'
[0.172s] Level 5:colcon.colcon_core.verb:set package 'catbot_interfaces' build argument 'catkin_cmake_args' from command line to 'None'
[0.172s] Level 5:colcon.colcon_core.verb:set package 'catbot_interfaces' build argument 'catkin_skip_building_tests' from command line to 'False'
[0.172s] DEBUG:colcon.colcon_core.verb:Building package 'catbot_interfaces' with the following arguments: {'ament_cmake_args': None, 'build_base': '/home/hj/catbot_ws/build/catbot_interfaces', 'catkin_cmake_args': None, 'catkin_skip_building_tests': False, 'cmake_args': None, 'cmake_clean_cache': False, 'cmake_clean_first': False, 'cmake_force_configure': False, 'cmake_target': None, 'cmake_target_skip_unavailable': False, 'install_base': '/home/hj/catbot_ws/install/catbot_interfaces', 'merge_install': False, 'path': '/home/hj/catbot_ws/src/catbot_interfaces', 'symlink_install': False, 'test_result_base': None}
[0.172s] INFO:colcon.colcon_core.executor:Executing jobs using 'parallel' executor
[0.172s] DEBUG:colcon.colcon_parallel_executor.executor.parallel:run_until_complete
[0.172s] INFO:colcon.colcon_ros.task.ament_cmake.build:Building ROS package in '/home/hj/catbot_ws/src/catbot_interfaces' with build type 'ament_cmake'
[0.172s] INFO:colcon.colcon_cmake.task.cmake.build:Building CMake package in '/home/hj/catbot_ws/src/catbot_interfaces'
[0.174s] INFO:colcon.colcon_core.plugin_system:Skipping extension 'colcon_core.shell.bat': Not used on non-Windows systems
[0.174s] INFO:colcon.colcon_core.shell:Skip shell extension 'powershell' for command environment: Not usable outside of PowerShell
[0.174s] DEBUG:colcon.colcon_core.shell:Skip shell extension 'dsv' for command environment
[0.193s] DEBUG:colcon.colcon_core.event_handler.log_command:Invoking command in '/home/hj/catbot_ws/build/catbot_interfaces': CMAKE_PREFIX_PATH=/opt/ros/humble /usr/bin/cmake /home/hj/catbot_ws/src/catbot_interfaces -DCMAKE_INSTALL_PREFIX=/home/hj/catbot_ws/install/catbot_interfaces
[1.167s] DEBUG:colcon.colcon_core.event_handler.log_command:Invoked command in '/home/hj/catbot_ws/build/catbot_interfaces' returned '0': CMAKE_PREFIX_PATH=/opt/ros/humble /usr/bin/cmake /home/hj/catbot_ws/src/catbot_interfaces -DCMAKE_INSTALL_PREFIX=/home/hj/catbot_ws/install/catbot_interfaces
[1.169s] DEBUG:colcon.colcon_core.event_handler.log_command:Invoking command in '/home/hj/catbot_ws/build/catbot_interfaces': CMAKE_PREFIX_PATH=/opt/ros/humble /usr/bin/cmake --build /home/hj/catbot_ws/build/catbot_interfaces -- -j22 -l22
[2.806s] DEBUG:colcon.colcon_core.event_handler.log_command:Invoked command in '/home/hj/catbot_ws/build/catbot_interfaces' returned '0': CMAKE_PREFIX_PATH=/opt/ros/humble /usr/bin/cmake --build /home/hj/catbot_ws/build/catbot_interfaces -- -j22 -l22
[2.812s] DEBUG:colcon.colcon_core.event_handler.log_command:Invoking command in '/home/hj/catbot_ws/build/catbot_interfaces': CMAKE_PREFIX_PATH=/opt/ros/humble /usr/bin/cmake --install /home/hj/catbot_ws/build/catbot_interfaces
[2.848s] Level 1:colcon.colcon_core.environment:create_environment_scripts_only(catbot_interfaces)
[2.848s] DEBUG:colcon.colcon_core.event_handler.log_command:Invoked command in '/home/hj/catbot_ws/build/catbot_interfaces' returned '0': CMAKE_PREFIX_PATH=/opt/ros/humble /usr/bin/cmake --install /home/hj/catbot_ws/build/catbot_interfaces
[2.851s] Level 1:colcon.colcon_core.environment:checking '/home/hj/catbot_ws/install/catbot_interfaces' for CMake module files
[2.851s] Level 1:colcon.colcon_core.environment:checking '/home/hj/catbot_ws/install/catbot_interfaces' for CMake config files
[2.851s] Level 1:colcon.colcon_core.shell:create_environment_hook('catbot_interfaces', 'cmake_prefix_path')
[2.852s] INFO:colcon.colcon_core.shell:Creating environment hook '/home/hj/catbot_ws/install/catbot_interfaces/share/catbot_interfaces/hook/cmake_prefix_path.ps1'
[2.852s] INFO:colcon.colcon_core.shell:Creating environment descriptor '/home/hj/catbot_ws/install/catbot_interfaces/share/catbot_interfaces/hook/cmake_prefix_path.dsv'
[2.853s] INFO:colcon.colcon_core.shell:Creating environment hook '/home/hj/catbot_ws/install/catbot_interfaces/share/catbot_interfaces/hook/cmake_prefix_path.sh'
[2.854s] Level 1:colcon.colcon_core.environment:checking '/home/hj/catbot_ws/install/catbot_interfaces/lib'
[2.854s] Level 1:colcon.colcon_core.shell:create_environment_hook('catbot_interfaces', 'ld_library_path_lib')
[2.855s] INFO:colcon.colcon_core.shell:Creating environment hook '/home/hj/catbot_ws/install/catbot_interfaces/share/catbot_interfaces/hook/ld_library_path_lib.ps1'
[2.855s] INFO:colcon.colcon_core.shell:Creating environment descriptor '/home/hj/catbot_ws/install/catbot_interfaces/share/catbot_interfaces/hook/ld_library_path_lib.dsv'
[2.855s] INFO:colcon.colcon_core.shell:Creating environment hook '/home/hj/catbot_ws/install/catbot_interfaces/share/catbot_interfaces/hook/ld_library_path_lib.sh'
[2.855s] Level 1:colcon.colcon_core.environment:checking '/home/hj/catbot_ws/install/catbot_interfaces/bin'
[2.856s] Level 1:colcon.colcon_core.environment:checking '/home/hj/catbot_ws/install/catbot_interfaces/lib/pkgconfig/catbot_interfaces.pc'
[2.856s] Level 1:colcon.colcon_core.environment:checking '/home/hj/catbot_ws/install/catbot_interfaces/lib/python3.10/site-packages'
[2.856s] Level 1:colcon.colcon_core.environment:checking '/home/hj/catbot_ws/install/catbot_interfaces/bin'
[2.856s] INFO:colcon.colcon_core.shell:Creating package script '/home/hj/catbot_ws/install/catbot_interfaces/share/catbot_interfaces/package.ps1'
[2.857s] INFO:colcon.colcon_core.shell:Creating package descriptor '/home/hj/catbot_ws/install/catbot_interfaces/share/catbot_interfaces/package.dsv'
[2.858s] INFO:colcon.colcon_core.shell:Creating package script '/home/hj/catbot_ws/install/catbot_interfaces/share/catbot_interfaces/package.sh'
[2.859s] INFO:colcon.colcon_core.shell:Creating package script '/home/hj/catbot_ws/install/catbot_interfaces/share/catbot_interfaces/package.bash'
[2.859s] INFO:colcon.colcon_core.shell:Creating package script '/home/hj/catbot_ws/install/catbot_interfaces/share/catbot_interfaces/package.zsh'
[2.860s] Level 1:colcon.colcon_core.environment:create_file_with_runtime_dependencies(/home/hj/catbot_ws/install/catbot_interfaces/share/colcon-core/packages/catbot_interfaces)
[2.860s] Level 1:colcon.colcon_core.environment:create_environment_scripts_only(catbot_interfaces)
[2.860s] Level 1:colcon.colcon_core.environment:checking '/home/hj/catbot_ws/install/catbot_interfaces' for CMake module files
[2.860s] Level 1:colcon.colcon_core.environment:checking '/home/hj/catbot_ws/install/catbot_interfaces' for CMake config files
[2.860s] Level 1:colcon.colcon_core.shell:create_environment_hook('catbot_interfaces', 'cmake_prefix_path')
[2.861s] INFO:colcon.colcon_core.shell:Creating environment hook '/home/hj/catbot_ws/install/catbot_interfaces/share/catbot_interfaces/hook/cmake_prefix_path.ps1'
[2.861s] INFO:colcon.colcon_core.shell:Creating environment descriptor '/home/hj/catbot_ws/install/catbot_interfaces/share/catbot_interfaces/hook/cmake_prefix_path.dsv'
[2.861s] INFO:colcon.colcon_core.shell:Creating environment hook '/home/hj/catbot_ws/install/catbot_interfaces/share/catbot_interfaces/hook/cmake_prefix_path.sh'
[2.861s] Level 1:colcon.colcon_core.environment:checking '/home/hj/catbot_ws/install/catbot_interfaces/lib'
[2.861s] Level 1:colcon.colcon_core.shell:create_environment_hook('catbot_interfaces', 'ld_library_path_lib')
[2.861s] INFO:colcon.colcon_core.shell:Creating environment hook '/home/hj/catbot_ws/install/catbot_interfaces/share/catbot_interfaces/hook/ld_library_path_lib.ps1'
[2.861s] INFO:colcon.colcon_core.shell:Creating environment descriptor '/home/hj/catbot_ws/install/catbot_interfaces/share/catbot_interfaces/hook/ld_library_path_lib.dsv'
[2.862s] INFO:colcon.colcon_core.shell:Creating environment hook '/home/hj/catbot_ws/install/catbot_interfaces/share/catbot_interfaces/hook/ld_library_path_lib.sh'
[2.862s] Level 1:colcon.colcon_core.environment:checking '/home/hj/catbot_ws/install/catbot_interfaces/bin'
[2.862s] Level 1:colcon.colcon_core.environment:checking '/home/hj/catbot_ws/install/catbot_interfaces/lib/pkgconfig/catbot_interfaces.pc'
[2.862s] Level 1:colcon.colcon_core.environment:checking '/home/hj/catbot_ws/install/catbot_interfaces/lib/python3.10/site-packages'
[2.862s] Level 1:colcon.colcon_core.environment:checking '/home/hj/catbot_ws/install/catbot_interfaces/bin'
[2.862s] INFO:colcon.colcon_core.shell:Creating package script '/home/hj/catbot_ws/install/catbot_interfaces/share/catbot_interfaces/package.ps1'
[2.862s] INFO:colcon.colcon_core.shell:Creating package descriptor '/home/hj/catbot_ws/install/catbot_interfaces/share/catbot_interfaces/package.dsv'
[2.863s] INFO:colcon.colcon_core.shell:Creating package script '/home/hj/catbot_ws/install/catbot_interfaces/share/catbot_interfaces/package.sh'
[2.863s] INFO:colcon.colcon_core.shell:Creating package script '/home/hj/catbot_ws/install/catbot_interfaces/share/catbot_interfaces/package.bash'
[2.863s] INFO:colcon.colcon_core.shell:Creating package script '/home/hj/catbot_ws/install/catbot_interfaces/share/catbot_interfaces/package.zsh'
[2.863s] Level 1:colcon.colcon_core.environment:create_file_with_runtime_dependencies(/home/hj/catbot_ws/install/catbot_interfaces/share/colcon-core/packages/catbot_interfaces)
[2.863s] DEBUG:colcon.colcon_parallel_executor.executor.parallel:closing loop
[2.864s] DEBUG:colcon.colcon_parallel_executor.executor.parallel:loop closed
[2.864s] DEBUG:colcon.colcon_parallel_executor.executor.parallel:run_until_complete finished with '0'
[2.864s] DEBUG:colcon.colcon_core.event_reactor:joining thread
[2.868s] INFO:colcon.colcon_core.plugin_system:Skipping extension 'colcon_notification.desktop_notification.terminal_notifier': Not used on non-Darwin systems
[2.868s] INFO:colcon.colcon_core.plugin_system:Skipping extension 'colcon_notification.desktop_notification.win32': Not used on non-Windows systems
[2.868s] INFO:colcon.colcon_notification.desktop_notification:Sending desktop notification using 'notify2'
[2.877s] DEBUG:colcon.colcon_core.event_reactor:joined thread
[2.877s] INFO:colcon.colcon_core.shell:Creating prefix script '/home/hj/catbot_ws/install/local_setup.ps1'
[2.878s] INFO:colcon.colcon_core.shell:Creating prefix util module '/home/hj/catbot_ws/install/_local_setup_util_ps1.py'
[2.879s] INFO:colcon.colcon_core.shell:Creating prefix chain script '/home/hj/catbot_ws/install/setup.ps1'
[2.880s] INFO:colcon.colcon_core.shell:Creating prefix script '/home/hj/catbot_ws/install/local_setup.sh'
[2.880s] INFO:colcon.colcon_core.shell:Creating prefix util module '/home/hj/catbot_ws/install/_local_setup_util_sh.py'
[2.881s] INFO:colcon.colcon_core.shell:Creating prefix chain script '/home/hj/catbot_ws/install/setup.sh'
[2.881s] INFO:colcon.colcon_core.shell:Creating prefix script '/home/hj/catbot_ws/install/local_setup.bash'
[2.881s] INFO:colcon.colcon_core.shell:Creating prefix chain script '/home/hj/catbot_ws/install/setup.bash'
[2.882s] INFO:colcon.colcon_core.shell:Creating prefix script '/home/hj/catbot_ws/install/local_setup.zsh'
[2.882s] INFO:colcon.colcon_core.shell:Creating prefix chain script '/home/hj/catbot_ws/install/setup.zsh'
