[0.369s] DEBUG:colcon:Command line arguments: ['/usr/bin/colcon', 'build', '--packages-select', 'catbot_interfaces']
[0.369s] DEBUG:colcon:Parsed command line arguments: Namespace(log_base=None, log_level=None, verb_name='build', build_base='build', install_base='install', merge_install=False, symlink_install=False, test_result_base=None, continue_on_error=False, executor='parallel', parallel_workers=6, event_handlers=None, ignore_user_meta=False, metas=['./colcon.meta'], base_paths=['.'], packages_ignore=None, packages_ignore_regex=None, paths=None, packages_up_to=None, packages_up_to_regex=None, packages_above=None, packages_above_and_dependencies=None, packages_above_depth=None, packages_select_by_dep=None, packages_skip_by_dep=None, packages_skip_up_to=None, packages_select_build_failed=False, packages_skip_build_finished=False, packages_select_test_failures=False, packages_skip_test_passed=False, packages_select=['catbot_interfaces'], packages_skip=None, packages_select_regex=None, packages_skip_regex=None, packages_start=None, packages_end=None, allow_overriding=[], cmake_args=None, cmake_target=None, cmake_target_skip_unavailable=False, cmake_clean_cache=False, cmake_clean_first=False, cmake_force_configure=False, ament_cmake_args=None, catkin_cmake_args=None, catkin_skip_building_tests=False, mixin_files=None, mixin=None, verb_parser=<colcon_mixin.mixin.mixin_argument.MixinArgumentDecorator object at 0xffff8b1bdf30>, verb_extension=<colcon_core.verb.build.BuildVerb object at 0xffff8b2caf50>, main=<bound method BuildVerb.main of <colcon_core.verb.build.BuildVerb object at 0xffff8b2caf50>>, mixin_verb=('build',))
[0.886s] Level 1:colcon.colcon_core.package_discovery:discover_packages(colcon_meta) check parameters
[0.887s] Level 1:colcon.colcon_core.package_discovery:discover_packages(recursive) check parameters
[0.887s] Level 1:colcon.colcon_core.package_discovery:discover_packages(ignore) check parameters
[0.887s] Level 1:colcon.colcon_core.package_discovery:discover_packages(path) check parameters
[0.887s] Level 1:colcon.colcon_core.package_discovery:discover_packages(colcon_meta) discover
[0.887s] Level 1:colcon.colcon_core.package_discovery:discover_packages(recursive) discover
[0.887s] INFO:colcon.colcon_core.package_discovery:Crawling recursively for packages in '/home/ssafy/roboticarm/S14P11C203/catbotarm_ws'
[0.888s] Level 1:colcon.colcon_core.package_identification:_identify(.) by extensions ['ignore', 'ignore_ament_install']
[0.888s] Level 1:colcon.colcon_core.package_identification:_identify(.) by extension 'ignore'
[0.888s] Level 1:colcon.colcon_core.package_identification:_identify(.) by extension 'ignore_ament_install'
[0.888s] Level 1:colcon.colcon_core.package_identification:_identify(.) by extensions ['colcon_pkg']
[0.888s] Level 1:colcon.colcon_core.package_identification:_identify(.) by extension 'colcon_pkg'
[0.888s] Level 1:colcon.colcon_core.package_identification:_identify(.) by extensions ['colcon_meta']
[0.888s] Level 1:colcon.colcon_core.package_identification:_identify(.) by extension 'colcon_meta'
[0.888s] Level 1:colcon.colcon_core.package_identification:_identify(.) by extensions ['ros']
[0.888s] Level 1:colcon.colcon_core.package_identification:_identify(.) by extension 'ros'
[0.910s] Level 1:colcon.colcon_core.package_identification:_identify(.) by extensions ['cmake', 'python']
[0.910s] Level 1:colcon.colcon_core.package_identification:_identify(.) by extension 'cmake'
[0.910s] Level 1:colcon.colcon_core.package_identification:_identify(.) by extension 'python'
[0.910s] Level 1:colcon.colcon_core.package_identification:_identify(.) by extensions ['python_setup_py']
[0.910s] Level 1:colcon.colcon_core.package_identification:_identify(.) by extension 'python_setup_py'
[0.911s] Level 1:colcon.colcon_core.package_identification:_identify(build) by extensions ['ignore', 'ignore_ament_install']
[0.911s] Level 1:colcon.colcon_core.package_identification:_identify(build) by extension 'ignore'
[0.911s] Level 1:colcon.colcon_core.package_identification:_identify(build) ignored
[0.911s] Level 1:colcon.colcon_core.package_identification:_identify(catbot_core) by extensions ['ignore', 'ignore_ament_install']
[0.911s] Level 1:colcon.colcon_core.package_identification:_identify(catbot_core) by extension 'ignore'
[0.911s] Level 1:colcon.colcon_core.package_identification:_identify(catbot_core) by extension 'ignore_ament_install'
[0.912s] Level 1:colcon.colcon_core.package_identification:_identify(catbot_core) by extensions ['colcon_pkg']
[0.912s] Level 1:colcon.colcon_core.package_identification:_identify(catbot_core) by extension 'colcon_pkg'
[0.912s] Level 1:colcon.colcon_core.package_identification:_identify(catbot_core) by extensions ['colcon_meta']
[0.912s] Level 1:colcon.colcon_core.package_identification:_identify(catbot_core) by extension 'colcon_meta'
[0.912s] Level 1:colcon.colcon_core.package_identification:_identify(catbot_core) by extensions ['ros']
[0.912s] Level 1:colcon.colcon_core.package_identification:_identify(catbot_core) by extension 'ros'
[0.921s] DEBUG:colcon.colcon_core.package_identification:Package 'catbot_core' with type 'ros.ament_python' and name 'catbot_core'
[0.922s] Level 1:colcon.colcon_core.package_identification:_identify(catbot_interfaces) by extensions ['ignore', 'ignore_ament_install']
[0.922s] Level 1:colcon.colcon_core.package_identification:_identify(catbot_interfaces) by extension 'ignore'
[0.922s] Level 1:colcon.colcon_core.package_identification:_identify(catbot_interfaces) by extension 'ignore_ament_install'
[0.922s] Level 1:colcon.colcon_core.package_identification:_identify(catbot_interfaces) by extensions ['colcon_pkg']
[0.922s] Level 1:colcon.colcon_core.package_identification:_identify(catbot_interfaces) by extension 'colcon_pkg'
[0.923s] Level 1:colcon.colcon_core.package_identification:_identify(catbot_interfaces) by extensions ['colcon_meta']
[0.923s] Level 1:colcon.colcon_core.package_identification:_identify(catbot_interfaces) by extension 'colcon_meta'
[0.923s] Level 1:colcon.colcon_core.package_identification:_identify(catbot_interfaces) by extensions ['ros']
[0.923s] Level 1:colcon.colcon_core.package_identification:_identify(catbot_interfaces) by extension 'ros'
[0.924s] Level 1:colcon.colcon_core.package_identification:_identify(catbot_interfaces) by extensions ['cmake', 'python']
[0.924s] Level 1:colcon.colcon_core.package_identification:_identify(catbot_interfaces) by extension 'cmake'
[0.924s] Level 1:colcon.colcon_core.package_identification:_identify(catbot_interfaces) by extension 'python'
[0.924s] Level 1:colcon.colcon_core.package_identification:_identify(catbot_interfaces) by extensions ['python_setup_py']
[0.924s] Level 1:colcon.colcon_core.package_identification:_identify(catbot_interfaces) by extension 'python_setup_py'
[0.925s] Level 1:colcon.colcon_core.package_identification:_identify(catbot_interfaces/action) by extensions ['ignore', 'ignore_ament_install']
[0.925s] Level 1:colcon.colcon_core.package_identification:_identify(catbot_interfaces/action) by extension 'ignore'
[0.925s] Level 1:colcon.colcon_core.package_identification:_identify(catbot_interfaces/action) by extension 'ignore_ament_install'
[0.925s] Level 1:colcon.colcon_core.package_identification:_identify(catbot_interfaces/action) by extensions ['colcon_pkg']
[0.926s] Level 1:colcon.colcon_core.package_identification:_identify(catbot_interfaces/action) by extension 'colcon_pkg'
[0.926s] Level 1:colcon.colcon_core.package_identification:_identify(catbot_interfaces/action) by extensions ['colcon_meta']
[0.926s] Level 1:colcon.colcon_core.package_identification:_identify(catbot_interfaces/action) by extension 'colcon_meta'
[0.926s] Level 1:colcon.colcon_core.package_identification:_identify(catbot_interfaces/action) by extensions ['ros']
[0.926s] Level 1:colcon.colcon_core.package_identification:_identify(catbot_interfaces/action) by extension 'ros'
[0.927s] Level 1:colcon.colcon_core.package_identification:_identify(catbot_interfaces/action) by extensions ['cmake', 'python']
[0.927s] Level 1:colcon.colcon_core.package_identification:_identify(catbot_interfaces/action) by extension 'cmake'
[0.927s] Level 1:colcon.colcon_core.package_identification:_identify(catbot_interfaces/action) by extension 'python'
[0.927s] Level 1:colcon.colcon_core.package_identification:_identify(catbot_interfaces/action) by extensions ['python_setup_py']
[0.927s] Level 1:colcon.colcon_core.package_identification:_identify(catbot_interfaces/action) by extension 'python_setup_py'
[0.927s] Level 1:colcon.colcon_core.package_identification:_identify(install) by extensions ['ignore', 'ignore_ament_install']
[0.927s] Level 1:colcon.colcon_core.package_identification:_identify(install) by extension 'ignore'
[0.927s] Level 1:colcon.colcon_core.package_identification:_identify(install) ignored
[0.927s] Level 1:colcon.colcon_core.package_identification:_identify(log) by extensions ['ignore', 'ignore_ament_install']
[0.928s] Level 1:colcon.colcon_core.package_identification:_identify(log) by extension 'ignore'
[0.928s] Level 1:colcon.colcon_core.package_identification:_identify(log) ignored
[0.928s] Level 1:colcon.colcon_core.package_discovery:discover_packages(recursive) using defaults
[0.928s] Level 1:colcon.colcon_core.package_discovery:discover_packages(ignore) discover
[0.928s] Level 1:colcon.colcon_core.package_discovery:discover_packages(ignore) using defaults
[0.928s] Level 1:colcon.colcon_core.package_discovery:discover_packages(path) discover
[0.928s] Level 1:colcon.colcon_core.package_discovery:discover_packages(path) using defaults
[0.928s] WARNING:colcon.colcon_core.package_selection:ignoring unknown package 'catbot_interfaces' in --packages-select
[1.053s] INFO:colcon.colcon_core.package_selection:Skipping not selected package 'catbot_core' in 'catbot_core'
[1.055s] Level 1:colcon.colcon_core.package_discovery:discover_packages(prefix_path) check parameters
[1.055s] Level 1:colcon.colcon_core.package_discovery:discover_packages(prefix_path) discover
[1.063s] DEBUG:colcon.colcon_installed_package_information.package_discovery:Found 274 installed packages in /opt/ros/humble
[1.065s] Level 1:colcon.colcon_core.package_discovery:discover_packages(prefix_path) using defaults
[1.137s] INFO:colcon.colcon_core.executor:Executing jobs using 'parallel' executor
[1.139s] DEBUG:colcon.colcon_parallel_executor.executor.parallel:run_until_complete
[1.139s] DEBUG:colcon.colcon_parallel_executor.executor.parallel:closing loop
[1.140s] DEBUG:colcon.colcon_parallel_executor.executor.parallel:loop closed
[1.140s] DEBUG:colcon.colcon_parallel_executor.executor.parallel:run_until_complete finished with '0'
[1.140s] DEBUG:colcon.colcon_core.event_reactor:joining thread
[1.156s] INFO:colcon.colcon_core.plugin_system:Skipping extension 'colcon_notification.desktop_notification.terminal_notifier': Not used on non-Darwin systems
[1.156s] INFO:colcon.colcon_core.plugin_system:Skipping extension 'colcon_notification.desktop_notification.win32': Not used on non-Windows systems
[1.156s] INFO:colcon.colcon_notification.desktop_notification:Sending desktop notification using 'notify2'
[1.214s] DEBUG:colcon.colcon_core.event_reactor:joined thread
[1.225s] INFO:colcon.colcon_core.plugin_system:Skipping extension 'colcon_core.shell.bat': Not used on non-Windows systems
[1.226s] INFO:colcon.colcon_core.shell:Creating prefix script '/home/ssafy/roboticarm/S14P11C203/catbotarm_ws/install/local_setup.ps1'
[1.230s] INFO:colcon.colcon_core.shell:Creating prefix util module '/home/ssafy/roboticarm/S14P11C203/catbotarm_ws/install/_local_setup_util_ps1.py'
[1.235s] INFO:colcon.colcon_core.shell:Creating prefix chain script '/home/ssafy/roboticarm/S14P11C203/catbotarm_ws/install/setup.ps1'
[1.239s] INFO:colcon.colcon_core.shell:Creating prefix script '/home/ssafy/roboticarm/S14P11C203/catbotarm_ws/install/local_setup.sh'
[1.241s] INFO:colcon.colcon_core.shell:Creating prefix util module '/home/ssafy/roboticarm/S14P11C203/catbotarm_ws/install/_local_setup_util_sh.py'
[1.242s] INFO:colcon.colcon_core.shell:Creating prefix chain script '/home/ssafy/roboticarm/S14P11C203/catbotarm_ws/install/setup.sh'
[1.245s] INFO:colcon.colcon_core.shell:Creating prefix script '/home/ssafy/roboticarm/S14P11C203/catbotarm_ws/install/local_setup.bash'
[1.247s] INFO:colcon.colcon_core.shell:Creating prefix chain script '/home/ssafy/roboticarm/S14P11C203/catbotarm_ws/install/setup.bash'
[1.250s] INFO:colcon.colcon_core.shell:Creating prefix script '/home/ssafy/roboticarm/S14P11C203/catbotarm_ws/install/local_setup.zsh'
[1.251s] INFO:colcon.colcon_core.shell:Creating prefix chain script '/home/ssafy/roboticarm/S14P11C203/catbotarm_ws/install/setup.zsh'
