running develop
running egg_info
creating catbot_core.egg-info
writing catbot_core.egg-info/PKG-INFO
writing dependency_links to catbot_core.egg-info/dependency_links.txt
writing entry points to catbot_core.egg-info/entry_points.txt
writing requirements to catbot_core.egg-info/requires.txt
writing top-level names to catbot_core.egg-info/top_level.txt
writing manifest file 'catbot_core.egg-info/SOURCES.txt'
reading manifest file 'catbot_core.egg-info/SOURCES.txt'
writing manifest file 'catbot_core.egg-info/SOURCES.txt'
running build_ext
Creating /home/ssafy/roboticarm/S14P11C203/catbotarm_ws/install/catbot_core/lib/python3.10/site-packages/catbot-core.egg-link (link to .)

Installed /home/ssafy/roboticarm/S14P11C203/catbotarm_ws/build/catbot_core
running symlink_data
creating /home/ssafy/roboticarm/S14P11C203/catbotarm_ws/install/catbot_core/share/ament_index
creating /home/ssafy/roboticarm/S14P11C203/catbotarm_ws/install/catbot_core/share/ament_index/resource_index
creating /home/ssafy/roboticarm/S14P11C203/catbotarm_ws/install/catbot_core/share/ament_index/resource_index/packages
symbolically linking /home/ssafy/roboticarm/S14P11C203/catbotarm_ws/build/catbot_core/resource/catbot_core -> /home/ssafy/roboticarm/S14P11C203/catbotarm_ws/install/catbot_core/share/ament_index/resource_index/packages
symbolically linking /home/ssafy/roboticarm/S14P11C203/catbotarm_ws/build/catbot_core/package.xml -> /home/ssafy/roboticarm/S14P11C203/catbotarm_ws/install/catbot_core/share/catbot_core
