[1.243s] Invoking command in '/home/ssafy/roboticarm/S14P11C203/catbotarm_ws/build/catbot_core': CONDA_PROMPT_MODIFIER=(lerobot) PYTHONPATH=/home/ssafy/roboticarm/S14P11C203/catbotarm_ws/build/catbot_core/prefix_override:/usr/lib/python3/dist-packages/colcon_core/task/python/colcon_distutils_commands:/home/ssafy/roboticarm/S14P11C203/catbotarm_ws/install/catbot_core/lib/python3.10/site-packages:${PYTHONPATH} /usr/bin/python3 -W ignore:setup.py install is deprecated -W ignore:easy_install command is deprecated setup.py develop --editable --build-directory /home/ssafy/roboticarm/S14P11C203/catbotarm_ws/build/catbot_core/build --no-deps symlink_data
[1.742s] running develop
[2.039s] running egg_info
[2.039s] creating catbot_core.egg-info
[2.039s] writing catbot_core.egg-info/PKG-INFO
[2.040s] writing dependency_links to catbot_core.egg-info/dependency_links.txt
[2.040s] writing entry points to catbot_core.egg-info/entry_points.txt
[2.040s] writing requirements to catbot_core.egg-info/requires.txt
[2.040s] writing top-level names to catbot_core.egg-info/top_level.txt
[2.041s] writing manifest file 'catbot_core.egg-info/SOURCES.txt'
[2.044s] reading manifest file 'catbot_core.egg-info/SOURCES.txt'
[2.045s] writing manifest file 'catbot_core.egg-info/SOURCES.txt'
[2.047s] running build_ext
[2.048s] Creating /home/ssafy/roboticarm/S14P11C203/catbotarm_ws/install/catbot_core/lib/python3.10/site-packages/catbot-core.egg-link (link to .)
[2.049s] 
[2.049s] Installed /home/ssafy/roboticarm/S14P11C203/catbotarm_ws/build/catbot_core
[2.050s] running symlink_data
[2.050s] creating /home/ssafy/roboticarm/S14P11C203/catbotarm_ws/install/catbot_core/share/ament_index
[2.050s] creating /home/ssafy/roboticarm/S14P11C203/catbotarm_ws/install/catbot_core/share/ament_index/resource_index
[2.050s] creating /home/ssafy/roboticarm/S14P11C203/catbotarm_ws/install/catbot_core/share/ament_index/resource_index/packages
[2.050s] symbolically linking /home/ssafy/roboticarm/S14P11C203/catbotarm_ws/build/catbot_core/resource/catbot_core -> /home/ssafy/roboticarm/S14P11C203/catbotarm_ws/install/catbot_core/share/ament_index/resource_index/packages
[2.050s] symbolically linking /home/ssafy/roboticarm/S14P11C203/catbotarm_ws/build/catbot_core/package.xml -> /home/ssafy/roboticarm/S14P11C203/catbotarm_ws/install/catbot_core/share/catbot_core
[2.128s] Invoked command in '/home/ssafy/roboticarm/S14P11C203/catbotarm_ws/build/catbot_core' returned '0': CONDA_PROMPT_MODIFIER=(lerobot) PYTHONPATH=/home/ssafy/roboticarm/S14P11C203/catbotarm_ws/build/catbot_core/prefix_override:/usr/lib/python3/dist-packages/colcon_core/task/python/colcon_distutils_commands:/home/ssafy/roboticarm/S14P11C203/catbotarm_ws/install/catbot_core/lib/python3.10/site-packages:${PYTHONPATH} /usr/bin/python3 -W ignore:setup.py install is deprecated -W ignore:easy_install command is deprecated setup.py develop --editable --build-directory /home/ssafy/roboticarm/S14P11C203/catbotarm_ws/build/catbot_core/build --no-deps symlink_data
