[0.009s] Invoking command in '/home/hj/catbot_ws/build/catbot_interfaces': CMAKE_PREFIX_PATH=/opt/ros/humble /usr/bin/cmake --build /home/hj/catbot_ws/build/catbot_interfaces -- -j22 -l22
[0.047s] [35m[1mConsolidate compiler generated dependencies of target catbot_interfaces__rosidl_generator_c[0m
[0.056s] [  3%] Built target catbot_interfaces__cpp
[0.056s] [ 12%] Built target catbot_interfaces__rosidl_generator_c
[0.064s] [35m[1mConsolidate compiler generated dependencies of target catbot_interfaces__rosidl_typesupport_cpp[0m
[0.064s] [ 12%] Built target ament_cmake_python_copy_catbot_interfaces
[0.064s] [35m[1mConsolidate compiler generated dependencies of target catbot_interfaces__rosidl_typesupport_fastrtps_cpp[0m
[0.065s] [35m[1mConsolidate compiler generated dependencies of target catbot_interfaces__rosidl_typesupport_introspection_cpp[0m
[0.070s] [35m[1mConsolidate compiler generated dependencies of target catbot_interfaces__rosidl_typesupport_fastrtps_c[0m
[0.071s] [35m[1mConsolidate compiler generated dependencies of target catbot_interfaces__rosidl_typesupport_introspection_c[0m
[0.072s] [ 22%] Built target catbot_interfaces__rosidl_typesupport_cpp
[0.073s] [35m[1mConsolidate compiler generated dependencies of target catbot_interfaces__rosidl_typesupport_c[0m
[0.073s] [ 32%] Built target catbot_interfaces__rosidl_typesupport_fastrtps_cpp
[0.075s] [ 41%] Built target catbot_interfaces__rosidl_typesupport_introspection_cpp
[0.078s] [ 51%] Built target catbot_interfaces__rosidl_typesupport_introspection_c
[0.078s] [ 61%] Built target catbot_interfaces__rosidl_typesupport_fastrtps_c
[0.079s] [ 70%] Built target catbot_interfaces__rosidl_typesupport_c
[0.094s] [ 70%] Built target catbot_interfaces
[0.105s] [ 74%] Built target catbot_interfaces__py
[0.113s] [35m[1mConsolidate compiler generated dependencies of target catbot_interfaces__rosidl_generator_py[0m
[0.122s] [ 80%] Built target catbot_interfaces__rosidl_generator_py
[0.130s] [35m[1mConsolidate compiler generated dependencies of target catbot_interfaces__rosidl_typesupport_fastrtps_c__pyext[0m
[0.130s] [35m[1mConsolidate compiler generated dependencies of target catbot_interfaces__rosidl_typesupport_introspection_c__pyext[0m
[0.131s] [35m[1mConsolidate compiler generated dependencies of target catbot_interfaces__rosidl_typesupport_c__pyext[0m
[0.140s] [ 93%] Built target catbot_interfaces__rosidl_typesupport_fastrtps_c__pyext
[0.140s] [ 93%] Built target catbot_interfaces__rosidl_typesupport_introspection_c__pyext
[0.141s] [100%] Built target catbot_interfaces__rosidl_typesupport_c__pyext
[0.183s] running egg_info
[0.184s] writing catbot_interfaces.egg-info/PKG-INFO
[0.184s] writing dependency_links to catbot_interfaces.egg-info/dependency_links.txt
[0.184s] writing top-level names to catbot_interfaces.egg-info/top_level.txt
[0.185s] reading manifest file 'catbot_interfaces.egg-info/SOURCES.txt'
[0.185s] writing manifest file 'catbot_interfaces.egg-info/SOURCES.txt'
[0.205s] [100%] Built target ament_cmake_python_build_catbot_interfaces_egg
[0.215s] Invoked command in '/home/hj/catbot_ws/build/catbot_interfaces' returned '0': CMAKE_PREFIX_PATH=/opt/ros/humble /usr/bin/cmake --build /home/hj/catbot_ws/build/catbot_interfaces -- -j22 -l22
[0.225s] Invoking command in '/home/hj/catbot_ws/build/catbot_interfaces': CMAKE_PREFIX_PATH=/opt/ros/humble /usr/bin/cmake --install /home/hj/catbot_ws/build/catbot_interfaces
[0.232s] -- Install configuration: ""
[0.232s] -- Up-to-date: /home/hj/catbot_ws/install/catbot_interfaces/share/ament_index/resource_index/rosidl_interfaces/catbot_interfaces
[0.232s] -- Up-to-date: /home/hj/catbot_ws/install/catbot_interfaces/include/catbot_interfaces/catbot_interfaces
[0.232s] -- Up-to-date: /home/hj/catbot_ws/install/catbot_interfaces/include/catbot_interfaces/catbot_interfaces/action
[0.233s] -- Up-to-date: /home/hj/catbot_ws/install/catbot_interfaces/include/catbot_interfaces/catbot_interfaces/action/vla_task.h
[0.233s] -- Up-to-date: /home/hj/catbot_ws/install/catbot_interfaces/include/catbot_interfaces/catbot_interfaces/action/detail
[0.233s] -- Up-to-date: /home/hj/catbot_ws/install/catbot_interfaces/include/catbot_interfaces/catbot_interfaces/action/detail/vla_task__functions.c
[0.233s] -- Up-to-date: /home/hj/catbot_ws/install/catbot_interfaces/include/catbot_interfaces/catbot_interfaces/action/detail/vla_task__struct.h
[0.233s] -- Up-to-date: /home/hj/catbot_ws/install/catbot_interfaces/include/catbot_interfaces/catbot_interfaces/action/detail/vla_task__functions.h
[0.233s] -- Up-to-date: /home/hj/catbot_ws/install/catbot_interfaces/include/catbot_interfaces/catbot_interfaces/action/detail/vla_task__type_support.h
[0.233s] -- Up-to-date: /home/hj/catbot_ws/install/catbot_interfaces/include/catbot_interfaces/catbot_interfaces/msg
[0.233s] -- Up-to-date: /home/hj/catbot_ws/install/catbot_interfaces/include/catbot_interfaces/catbot_interfaces/msg/rosidl_generator_c__visibility_control.h
[0.233s] -- Up-to-date: /home/hj/catbot_ws/install/catbot_interfaces/share/catbot_interfaces/environment/library_path.sh
[0.233s] -- Up-to-date: /home/hj/catbot_ws/install/catbot_interfaces/share/catbot_interfaces/environment/library_path.dsv
[0.233s] -- Up-to-date: /home/hj/catbot_ws/install/catbot_interfaces/lib/libcatbot_interfaces__rosidl_generator_c.so
[0.233s] -- Up-to-date: /home/hj/catbot_ws/install/catbot_interfaces/include/catbot_interfaces/catbot_interfaces
[0.233s] -- Up-to-date: /home/hj/catbot_ws/install/catbot_interfaces/include/catbot_interfaces/catbot_interfaces/action
[0.233s] -- Up-to-date: /home/hj/catbot_ws/install/catbot_interfaces/include/catbot_interfaces/catbot_interfaces/action/detail
[0.233s] -- Up-to-date: /home/hj/catbot_ws/install/catbot_interfaces/include/catbot_interfaces/catbot_interfaces/action/detail/vla_task__rosidl_typesupport_fastrtps_c.h
[0.233s] -- Up-to-date: /home/hj/catbot_ws/install/catbot_interfaces/include/catbot_interfaces/catbot_interfaces/msg
[0.233s] -- Up-to-date: /home/hj/catbot_ws/install/catbot_interfaces/include/catbot_interfaces/catbot_interfaces/msg/rosidl_typesupport_fastrtps_c__visibility_control.h
[0.234s] -- Up-to-date: /home/hj/catbot_ws/install/catbot_interfaces/lib/libcatbot_interfaces__rosidl_typesupport_fastrtps_c.so
[0.234s] -- Up-to-date: /home/hj/catbot_ws/install/catbot_interfaces/include/catbot_interfaces/catbot_interfaces
[0.234s] -- Up-to-date: /home/hj/catbot_ws/install/catbot_interfaces/include/catbot_interfaces/catbot_interfaces/action
[0.234s] -- Up-to-date: /home/hj/catbot_ws/install/catbot_interfaces/include/catbot_interfaces/catbot_interfaces/action/detail
[0.234s] -- Up-to-date: /home/hj/catbot_ws/install/catbot_interfaces/include/catbot_interfaces/catbot_interfaces/action/detail/vla_task__rosidl_typesupport_introspection_c.h
[0.234s] -- Up-to-date: /home/hj/catbot_ws/install/catbot_interfaces/include/catbot_interfaces/catbot_interfaces/action/detail/vla_task__type_support.c
[0.234s] -- Up-to-date: /home/hj/catbot_ws/install/catbot_interfaces/include/catbot_interfaces/catbot_interfaces/msg
[0.234s] -- Up-to-date: /home/hj/catbot_ws/install/catbot_interfaces/include/catbot_interfaces/catbot_interfaces/msg/rosidl_typesupport_introspection_c__visibility_control.h
[0.234s] -- Up-to-date: /home/hj/catbot_ws/install/catbot_interfaces/lib/libcatbot_interfaces__rosidl_typesupport_introspection_c.so
[0.234s] -- Up-to-date: /home/hj/catbot_ws/install/catbot_interfaces/lib/libcatbot_interfaces__rosidl_typesupport_c.so
[0.234s] -- Up-to-date: /home/hj/catbot_ws/install/catbot_interfaces/include/catbot_interfaces/catbot_interfaces
[0.234s] -- Up-to-date: /home/hj/catbot_ws/install/catbot_interfaces/include/catbot_interfaces/catbot_interfaces/action
[0.234s] -- Up-to-date: /home/hj/catbot_ws/install/catbot_interfaces/include/catbot_interfaces/catbot_interfaces/action/detail
[0.234s] -- Up-to-date: /home/hj/catbot_ws/install/catbot_interfaces/include/catbot_interfaces/catbot_interfaces/action/detail/vla_task__struct.hpp
[0.234s] -- Up-to-date: /home/hj/catbot_ws/install/catbot_interfaces/include/catbot_interfaces/catbot_interfaces/action/detail/vla_task__type_support.hpp
[0.234s] -- Up-to-date: /home/hj/catbot_ws/install/catbot_interfaces/include/catbot_interfaces/catbot_interfaces/action/detail/vla_task__traits.hpp
[0.234s] -- Up-to-date: /home/hj/catbot_ws/install/catbot_interfaces/include/catbot_interfaces/catbot_interfaces/action/detail/vla_task__builder.hpp
[0.235s] -- Up-to-date: /home/hj/catbot_ws/install/catbot_interfaces/include/catbot_interfaces/catbot_interfaces/action/vla_task.hpp
[0.235s] -- Up-to-date: /home/hj/catbot_ws/install/catbot_interfaces/include/catbot_interfaces/catbot_interfaces/msg
[0.235s] -- Up-to-date: /home/hj/catbot_ws/install/catbot_interfaces/include/catbot_interfaces/catbot_interfaces/msg/rosidl_generator_cpp__visibility_control.hpp
[0.235s] -- Up-to-date: /home/hj/catbot_ws/install/catbot_interfaces/include/catbot_interfaces/catbot_interfaces
[0.235s] -- Up-to-date: /home/hj/catbot_ws/install/catbot_interfaces/include/catbot_interfaces/catbot_interfaces/action
[0.235s] -- Up-to-date: /home/hj/catbot_ws/install/catbot_interfaces/include/catbot_interfaces/catbot_interfaces/action/detail
[0.235s] -- Up-to-date: /home/hj/catbot_ws/install/catbot_interfaces/include/catbot_interfaces/catbot_interfaces/action/detail/dds_fastrtps
[0.235s] -- Up-to-date: /home/hj/catbot_ws/install/catbot_interfaces/include/catbot_interfaces/catbot_interfaces/action/detail/vla_task__rosidl_typesupport_fastrtps_cpp.hpp
[0.235s] -- Up-to-date: /home/hj/catbot_ws/install/catbot_interfaces/include/catbot_interfaces/catbot_interfaces/msg
[0.235s] -- Up-to-date: /home/hj/catbot_ws/install/catbot_interfaces/include/catbot_interfaces/catbot_interfaces/msg/rosidl_typesupport_fastrtps_cpp__visibility_control.h
[0.235s] -- Up-to-date: /home/hj/catbot_ws/install/catbot_interfaces/lib/libcatbot_interfaces__rosidl_typesupport_fastrtps_cpp.so
[0.235s] -- Up-to-date: /home/hj/catbot_ws/install/catbot_interfaces/include/catbot_interfaces/catbot_interfaces
[0.235s] -- Up-to-date: /home/hj/catbot_ws/install/catbot_interfaces/include/catbot_interfaces/catbot_interfaces/action
[0.235s] -- Up-to-date: /home/hj/catbot_ws/install/catbot_interfaces/include/catbot_interfaces/catbot_interfaces/action/detail
[0.236s] -- Up-to-date: /home/hj/catbot_ws/install/catbot_interfaces/include/catbot_interfaces/catbot_interfaces/action/detail/vla_task__type_support.cpp
[0.236s] -- Up-to-date: /home/hj/catbot_ws/install/catbot_interfaces/include/catbot_interfaces/catbot_interfaces/action/detail/vla_task__rosidl_typesupport_introspection_cpp.hpp
[0.236s] -- Up-to-date: /home/hj/catbot_ws/install/catbot_interfaces/lib/libcatbot_interfaces__rosidl_typesupport_introspection_cpp.so
[0.236s] -- Up-to-date: /home/hj/catbot_ws/install/catbot_interfaces/lib/libcatbot_interfaces__rosidl_typesupport_cpp.so
[0.236s] -- Up-to-date: /home/hj/catbot_ws/install/catbot_interfaces/share/catbot_interfaces/environment/pythonpath.sh
[0.236s] -- Up-to-date: /home/hj/catbot_ws/install/catbot_interfaces/share/catbot_interfaces/environment/pythonpath.dsv
[0.236s] -- Up-to-date: /home/hj/catbot_ws/install/catbot_interfaces/local/lib/python3.10/dist-packages/catbot_interfaces-0.0.0-py3.10.egg-info
[0.236s] -- Installing: /home/hj/catbot_ws/install/catbot_interfaces/local/lib/python3.10/dist-packages/catbot_interfaces-0.0.0-py3.10.egg-info/SOURCES.txt
[0.236s] -- Installing: /home/hj/catbot_ws/install/catbot_interfaces/local/lib/python3.10/dist-packages/catbot_interfaces-0.0.0-py3.10.egg-info/dependency_links.txt
[0.236s] -- Installing: /home/hj/catbot_ws/install/catbot_interfaces/local/lib/python3.10/dist-packages/catbot_interfaces-0.0.0-py3.10.egg-info/PKG-INFO
[0.236s] -- Installing: /home/hj/catbot_ws/install/catbot_interfaces/local/lib/python3.10/dist-packages/catbot_interfaces-0.0.0-py3.10.egg-info/top_level.txt
[0.236s] -- Up-to-date: /home/hj/catbot_ws/install/catbot_interfaces/local/lib/python3.10/dist-packages/catbot_interfaces
[0.236s] -- Up-to-date: /home/hj/catbot_ws/install/catbot_interfaces/local/lib/python3.10/dist-packages/catbot_interfaces/catbot_interfaces_s__rosidl_typesupport_fastrtps_c.cpython-310-x86_64-linux-gnu.so
[0.236s] -- Up-to-date: /home/hj/catbot_ws/install/catbot_interfaces/local/lib/python3.10/dist-packages/catbot_interfaces/_catbot_interfaces_s.ep.rosidl_typesupport_fastrtps_c.c
[0.236s] -- Up-to-date: /home/hj/catbot_ws/install/catbot_interfaces/local/lib/python3.10/dist-packages/catbot_interfaces/__init__.py
[0.236s] -- Up-to-date: /home/hj/catbot_ws/install/catbot_interfaces/local/lib/python3.10/dist-packages/catbot_interfaces/_catbot_interfaces_s.ep.rosidl_typesupport_c.c
[0.236s] -- Up-to-date: /home/hj/catbot_ws/install/catbot_interfaces/local/lib/python3.10/dist-packages/catbot_interfaces/catbot_interfaces_s__rosidl_typesupport_introspection_c.cpython-310-x86_64-linux-gnu.so
[0.236s] -- Up-to-date: /home/hj/catbot_ws/install/catbot_interfaces/local/lib/python3.10/dist-packages/catbot_interfaces/catbot_interfaces_s__rosidl_typesupport_c.cpython-310-x86_64-linux-gnu.so
[0.237s] -- Up-to-date: /home/hj/catbot_ws/install/catbot_interfaces/local/lib/python3.10/dist-packages/catbot_interfaces/action
[0.237s] -- Up-to-date: /home/hj/catbot_ws/install/catbot_interfaces/local/lib/python3.10/dist-packages/catbot_interfaces/action/_vla_task.py
[0.237s] -- Up-to-date: /home/hj/catbot_ws/install/catbot_interfaces/local/lib/python3.10/dist-packages/catbot_interfaces/action/__init__.py
[0.237s] -- Up-to-date: /home/hj/catbot_ws/install/catbot_interfaces/local/lib/python3.10/dist-packages/catbot_interfaces/action/_vla_task_s.c
[0.237s] -- Up-to-date: /home/hj/catbot_ws/install/catbot_interfaces/local/lib/python3.10/dist-packages/catbot_interfaces/_catbot_interfaces_s.ep.rosidl_typesupport_introspection_c.c
[0.237s] -- Up-to-date: /home/hj/catbot_ws/install/catbot_interfaces/local/lib/python3.10/dist-packages/catbot_interfaces/libcatbot_interfaces__rosidl_generator_py.so
[0.254s] Listing '/home/hj/catbot_ws/install/catbot_interfaces/local/lib/python3.10/dist-packages/catbot_interfaces'...
[0.254s] Listing '/home/hj/catbot_ws/install/catbot_interfaces/local/lib/python3.10/dist-packages/catbot_interfaces/action'...
[0.258s] -- Up-to-date: /home/hj/catbot_ws/install/catbot_interfaces/local/lib/python3.10/dist-packages/catbot_interfaces/catbot_interfaces_s__rosidl_typesupport_fastrtps_c.cpython-310-x86_64-linux-gnu.so
[0.258s] -- Up-to-date: /home/hj/catbot_ws/install/catbot_interfaces/local/lib/python3.10/dist-packages/catbot_interfaces/catbot_interfaces_s__rosidl_typesupport_introspection_c.cpython-310-x86_64-linux-gnu.so
[0.259s] -- Up-to-date: /home/hj/catbot_ws/install/catbot_interfaces/local/lib/python3.10/dist-packages/catbot_interfaces/catbot_interfaces_s__rosidl_typesupport_c.cpython-310-x86_64-linux-gnu.so
[0.259s] -- Up-to-date: /home/hj/catbot_ws/install/catbot_interfaces/lib/libcatbot_interfaces__rosidl_generator_py.so
[0.259s] -- Up-to-date: /home/hj/catbot_ws/install/catbot_interfaces/share/catbot_interfaces/action/VlaTask.idl
[0.259s] -- Up-to-date: /home/hj/catbot_ws/install/catbot_interfaces/share/catbot_interfaces/action/VlaTask.action
[0.259s] -- Up-to-date: /home/hj/catbot_ws/install/catbot_interfaces/share/ament_index/resource_index/package_run_dependencies/catbot_interfaces
[0.259s] -- Up-to-date: /home/hj/catbot_ws/install/catbot_interfaces/share/ament_index/resource_index/parent_prefix_path/catbot_interfaces
[0.259s] -- Up-to-date: /home/hj/catbot_ws/install/catbot_interfaces/share/catbot_interfaces/environment/ament_prefix_path.sh
[0.259s] -- Up-to-date: /home/hj/catbot_ws/install/catbot_interfaces/share/catbot_interfaces/environment/ament_prefix_path.dsv
[0.259s] -- Up-to-date: /home/hj/catbot_ws/install/catbot_interfaces/share/catbot_interfaces/environment/path.sh
[0.259s] -- Up-to-date: /home/hj/catbot_ws/install/catbot_interfaces/share/catbot_interfaces/environment/path.dsv
[0.259s] -- Up-to-date: /home/hj/catbot_ws/install/catbot_interfaces/share/catbot_interfaces/local_setup.bash
[0.260s] -- Up-to-date: /home/hj/catbot_ws/install/catbot_interfaces/share/catbot_interfaces/local_setup.sh
[0.260s] -- Up-to-date: /home/hj/catbot_ws/install/catbot_interfaces/share/catbot_interfaces/local_setup.zsh
[0.260s] -- Up-to-date: /home/hj/catbot_ws/install/catbot_interfaces/share/catbot_interfaces/local_setup.dsv
[0.260s] -- Installing: /home/hj/catbot_ws/install/catbot_interfaces/share/catbot_interfaces/package.dsv
[0.260s] -- Up-to-date: /home/hj/catbot_ws/install/catbot_interfaces/share/ament_index/resource_index/packages/catbot_interfaces
[0.260s] -- Up-to-date: /home/hj/catbot_ws/install/catbot_interfaces/share/catbot_interfaces/cmake/export_catbot_interfaces__rosidl_generator_cExport.cmake
[0.260s] -- Up-to-date: /home/hj/catbot_ws/install/catbot_interfaces/share/catbot_interfaces/cmake/export_catbot_interfaces__rosidl_generator_cExport-noconfig.cmake
[0.260s] -- Up-to-date: /home/hj/catbot_ws/install/catbot_interfaces/share/catbot_interfaces/cmake/export_catbot_interfaces__rosidl_typesupport_fastrtps_cExport.cmake
[0.260s] -- Up-to-date: /home/hj/catbot_ws/install/catbot_interfaces/share/catbot_interfaces/cmake/export_catbot_interfaces__rosidl_typesupport_fastrtps_cExport-noconfig.cmake
[0.260s] -- Up-to-date: /home/hj/catbot_ws/install/catbot_interfaces/share/catbot_interfaces/cmake/catbot_interfaces__rosidl_typesupport_introspection_cExport.cmake
[0.260s] -- Up-to-date: /home/hj/catbot_ws/install/catbot_interfaces/share/catbot_interfaces/cmake/catbot_interfaces__rosidl_typesupport_introspection_cExport-noconfig.cmake
[0.260s] -- Up-to-date: /home/hj/catbot_ws/install/catbot_interfaces/share/catbot_interfaces/cmake/catbot_interfaces__rosidl_typesupport_cExport.cmake
[0.260s] -- Up-to-date: /home/hj/catbot_ws/install/catbot_interfaces/share/catbot_interfaces/cmake/catbot_interfaces__rosidl_typesupport_cExport-noconfig.cmake
[0.260s] -- Up-to-date: /home/hj/catbot_ws/install/catbot_interfaces/share/catbot_interfaces/cmake/export_catbot_interfaces__rosidl_generator_cppExport.cmake
[0.260s] -- Up-to-date: /home/hj/catbot_ws/install/catbot_interfaces/share/catbot_interfaces/cmake/export_catbot_interfaces__rosidl_typesupport_fastrtps_cppExport.cmake
[0.260s] -- Up-to-date: /home/hj/catbot_ws/install/catbot_interfaces/share/catbot_interfaces/cmake/export_catbot_interfaces__rosidl_typesupport_fastrtps_cppExport-noconfig.cmake
[0.260s] -- Up-to-date: /home/hj/catbot_ws/install/catbot_interfaces/share/catbot_interfaces/cmake/catbot_interfaces__rosidl_typesupport_introspection_cppExport.cmake
[0.261s] -- Up-to-date: /home/hj/catbot_ws/install/catbot_interfaces/share/catbot_interfaces/cmake/catbot_interfaces__rosidl_typesupport_introspection_cppExport-noconfig.cmake
[0.261s] -- Up-to-date: /home/hj/catbot_ws/install/catbot_interfaces/share/catbot_interfaces/cmake/catbot_interfaces__rosidl_typesupport_cppExport.cmake
[0.261s] -- Up-to-date: /home/hj/catbot_ws/install/catbot_interfaces/share/catbot_interfaces/cmake/catbot_interfaces__rosidl_typesupport_cppExport-noconfig.cmake
[0.261s] -- Up-to-date: /home/hj/catbot_ws/install/catbot_interfaces/share/catbot_interfaces/cmake/export_catbot_interfaces__rosidl_generator_pyExport.cmake
[0.261s] -- Up-to-date: /home/hj/catbot_ws/install/catbot_interfaces/share/catbot_interfaces/cmake/export_catbot_interfaces__rosidl_generator_pyExport-noconfig.cmake
[0.261s] -- Up-to-date: /home/hj/catbot_ws/install/catbot_interfaces/share/catbot_interfaces/cmake/rosidl_cmake-extras.cmake
[0.261s] -- Up-to-date: /home/hj/catbot_ws/install/catbot_interfaces/share/catbot_interfaces/cmake/ament_cmake_export_dependencies-extras.cmake
[0.261s] -- Up-to-date: /home/hj/catbot_ws/install/catbot_interfaces/share/catbot_interfaces/cmake/ament_cmake_export_include_directories-extras.cmake
[0.261s] -- Up-to-date: /home/hj/catbot_ws/install/catbot_interfaces/share/catbot_interfaces/cmake/ament_cmake_export_libraries-extras.cmake
[0.261s] -- Up-to-date: /home/hj/catbot_ws/install/catbot_interfaces/share/catbot_interfaces/cmake/ament_cmake_export_targets-extras.cmake
[0.261s] -- Up-to-date: /home/hj/catbot_ws/install/catbot_interfaces/share/catbot_interfaces/cmake/rosidl_cmake_export_typesupport_targets-extras.cmake
[0.261s] -- Up-to-date: /home/hj/catbot_ws/install/catbot_interfaces/share/catbot_interfaces/cmake/rosidl_cmake_export_typesupport_libraries-extras.cmake
[0.261s] -- Up-to-date: /home/hj/catbot_ws/install/catbot_interfaces/share/catbot_interfaces/cmake/catbot_interfacesConfig.cmake
[0.261s] -- Up-to-date: /home/hj/catbot_ws/install/catbot_interfaces/share/catbot_interfaces/cmake/catbot_interfacesConfig-version.cmake
[0.261s] -- Up-to-date: /home/hj/catbot_ws/install/catbot_interfaces/share/catbot_interfaces/package.xml
[0.262s] Invoked command in '/home/hj/catbot_ws/build/catbot_interfaces' returned '0': CMAKE_PREFIX_PATH=/opt/ros/humble /usr/bin/cmake --install /home/hj/catbot_ws/build/catbot_interfaces
