[0.011s] Invoking command in '/home/hj/catbot_ws/build/catbot_interfaces': CMAKE_PREFIX_PATH=${CMAKE_PREFIX_PATH}:/opt/ros/humble /home/hj/anaconda3/bin/cmake --build /home/hj/catbot_ws/build/catbot_interfaces -- -j22 -l22
[0.136s] [  3%] Built target catbot_interfaces__cpp
[0.140s] [ 12%] Built target catbot_interfaces__rosidl_generator_c
[0.150s] [ 12%] Built target ament_cmake_python_copy_catbot_interfaces
[0.159s] [ 22%] Built target catbot_interfaces__rosidl_typesupport_fastrtps_cpp
[0.160s] [ 32%] Built target catbot_interfaces__rosidl_typesupport_cpp
[0.161s] [ 41%] Built target catbot_interfaces__rosidl_typesupport_introspection_cpp
[0.163s] [ 51%] Built target catbot_interfaces__rosidl_typesupport_c
[0.164s] [ 61%] Built target catbot_interfaces__rosidl_typesupport_introspection_c
[0.165s] [ 70%] Built target catbot_interfaces__rosidl_typesupport_fastrtps_c
[0.181s] [ 70%] Built target catbot_interfaces
[0.200s] [ 74%] Built target catbot_interfaces__py
[0.222s] [ 80%] Built target catbot_interfaces__rosidl_generator_py
[0.247s] [ 87%] Built target catbot_interfaces__rosidl_typesupport_introspection_c__pyext
[0.248s] [ 93%] Built target catbot_interfaces__rosidl_typesupport_c__pyext
[0.249s] [100%] Built target catbot_interfaces__rosidl_typesupport_fastrtps_c__pyext
[0.324s] running egg_info
[0.325s] writing catbot_interfaces.egg-info/PKG-INFO
[0.325s] writing dependency_links to catbot_interfaces.egg-info/dependency_links.txt
[0.326s] writing top-level names to catbot_interfaces.egg-info/top_level.txt
[0.326s] reading manifest file 'catbot_interfaces.egg-info/SOURCES.txt'
[0.327s] writing manifest file 'catbot_interfaces.egg-info/SOURCES.txt'
[0.346s] [100%] Built target ament_cmake_python_build_catbot_interfaces_egg
[0.359s] Invoked command in '/home/hj/catbot_ws/build/catbot_interfaces' returned '0': CMAKE_PREFIX_PATH=${CMAKE_PREFIX_PATH}:/opt/ros/humble /home/hj/anaconda3/bin/cmake --build /home/hj/catbot_ws/build/catbot_interfaces -- -j22 -l22
[0.444s] Invoking command in '/home/hj/catbot_ws/build/catbot_interfaces': CMAKE_PREFIX_PATH=${CMAKE_PREFIX_PATH}:/opt/ros/humble /home/hj/anaconda3/bin/cmake --install /home/hj/catbot_ws/build/catbot_interfaces
[0.521s] -- Install configuration: ""
[0.521s] -- Up-to-date: /home/hj/catbot_ws/install/catbot_interfaces/share/ament_index/resource_index/rosidl_interfaces/catbot_interfaces
[0.521s] -- Up-to-date: /home/hj/catbot_ws/install/catbot_interfaces/include/catbot_interfaces/catbot_interfaces
[0.521s] -- Up-to-date: /home/hj/catbot_ws/install/catbot_interfaces/include/catbot_interfaces/catbot_interfaces/action
[0.521s] -- Up-to-date: /home/hj/catbot_ws/install/catbot_interfaces/include/catbot_interfaces/catbot_interfaces/action/vla_task.h
[0.521s] -- Up-to-date: /home/hj/catbot_ws/install/catbot_interfaces/include/catbot_interfaces/catbot_interfaces/action/detail
[0.521s] -- Up-to-date: /home/hj/catbot_ws/install/catbot_interfaces/include/catbot_interfaces/catbot_interfaces/action/detail/vla_task__functions.c
[0.521s] -- Up-to-date: /home/hj/catbot_ws/install/catbot_interfaces/include/catbot_interfaces/catbot_interfaces/action/detail/vla_task__struct.h
[0.522s] -- Up-to-date: /home/hj/catbot_ws/install/catbot_interfaces/include/catbot_interfaces/catbot_interfaces/action/detail/vla_task__functions.h
[0.522s] -- Up-to-date: /home/hj/catbot_ws/install/catbot_interfaces/include/catbot_interfaces/catbot_interfaces/action/detail/vla_task__type_support.h
[0.522s] -- Up-to-date: /home/hj/catbot_ws/install/catbot_interfaces/include/catbot_interfaces/catbot_interfaces/msg
[0.522s] -- Up-to-date: /home/hj/catbot_ws/install/catbot_interfaces/include/catbot_interfaces/catbot_interfaces/msg/rosidl_generator_c__visibility_control.h
[0.522s] -- Up-to-date: /home/hj/catbot_ws/install/catbot_interfaces/share/catbot_interfaces/environment/library_path.sh
[0.522s] -- Up-to-date: /home/hj/catbot_ws/install/catbot_interfaces/share/catbot_interfaces/environment/library_path.dsv
[0.522s] -- Up-to-date: /home/hj/catbot_ws/install/catbot_interfaces/lib/libcatbot_interfaces__rosidl_generator_c.so
[0.522s] -- Up-to-date: /home/hj/catbot_ws/install/catbot_interfaces/include/catbot_interfaces/catbot_interfaces
[0.522s] -- Up-to-date: /home/hj/catbot_ws/install/catbot_interfaces/include/catbot_interfaces/catbot_interfaces/action
[0.522s] -- Up-to-date: /home/hj/catbot_ws/install/catbot_interfaces/include/catbot_interfaces/catbot_interfaces/action/detail
[0.522s] -- Up-to-date: /home/hj/catbot_ws/install/catbot_interfaces/include/catbot_interfaces/catbot_interfaces/action/detail/vla_task__rosidl_typesupport_fastrtps_c.h
[0.522s] -- Up-to-date: /home/hj/catbot_ws/install/catbot_interfaces/include/catbot_interfaces/catbot_interfaces/msg
[0.522s] -- Up-to-date: /home/hj/catbot_ws/install/catbot_interfaces/include/catbot_interfaces/catbot_interfaces/msg/rosidl_typesupport_fastrtps_c__visibility_control.h
[0.522s] -- Up-to-date: /home/hj/catbot_ws/install/catbot_interfaces/lib/libcatbot_interfaces__rosidl_typesupport_fastrtps_c.so
[0.523s] -- Up-to-date: /home/hj/catbot_ws/install/catbot_interfaces/include/catbot_interfaces/catbot_interfaces
[0.523s] -- Up-to-date: /home/hj/catbot_ws/install/catbot_interfaces/include/catbot_interfaces/catbot_interfaces/action
[0.523s] -- Up-to-date: /home/hj/catbot_ws/install/catbot_interfaces/include/catbot_interfaces/catbot_interfaces/action/detail
[0.523s] -- Up-to-date: /home/hj/catbot_ws/install/catbot_interfaces/include/catbot_interfaces/catbot_interfaces/action/detail/vla_task__rosidl_typesupport_introspection_c.h
[0.523s] -- Up-to-date: /home/hj/catbot_ws/install/catbot_interfaces/include/catbot_interfaces/catbot_interfaces/action/detail/vla_task__type_support.c
[0.523s] -- Up-to-date: /home/hj/catbot_ws/install/catbot_interfaces/include/catbot_interfaces/catbot_interfaces/msg
[0.523s] -- Up-to-date: /home/hj/catbot_ws/install/catbot_interfaces/include/catbot_interfaces/catbot_interfaces/msg/rosidl_typesupport_introspection_c__visibility_control.h
[0.523s] -- Up-to-date: /home/hj/catbot_ws/install/catbot_interfaces/lib/libcatbot_interfaces__rosidl_typesupport_introspection_c.so
[0.523s] -- Up-to-date: /home/hj/catbot_ws/install/catbot_interfaces/lib/libcatbot_interfaces__rosidl_typesupport_c.so
[0.523s] -- Up-to-date: /home/hj/catbot_ws/install/catbot_interfaces/include/catbot_interfaces/catbot_interfaces
[0.523s] -- Up-to-date: /home/hj/catbot_ws/install/catbot_interfaces/include/catbot_interfaces/catbot_interfaces/action
[0.523s] -- Up-to-date: /home/hj/catbot_ws/install/catbot_interfaces/include/catbot_interfaces/catbot_interfaces/action/detail
[0.523s] -- Up-to-date: /home/hj/catbot_ws/install/catbot_interfaces/include/catbot_interfaces/catbot_interfaces/action/detail/vla_task__struct.hpp
[0.523s] -- Up-to-date: /home/hj/catbot_ws/install/catbot_interfaces/include/catbot_interfaces/catbot_interfaces/action/detail/vla_task__type_support.hpp
[0.523s] -- Up-to-date: /home/hj/catbot_ws/install/catbot_interfaces/include/catbot_interfaces/catbot_interfaces/action/detail/vla_task__traits.hpp
[0.524s] -- Up-to-date: /home/hj/catbot_ws/install/catbot_interfaces/include/catbot_interfaces/catbot_interfaces/action/detail/vla_task__builder.hpp
[0.524s] -- Up-to-date: /home/hj/catbot_ws/install/catbot_interfaces/include/catbot_interfaces/catbot_interfaces/action/vla_task.hpp
[0.524s] -- Up-to-date: /home/hj/catbot_ws/install/catbot_interfaces/include/catbot_interfaces/catbot_interfaces/msg
[0.524s] -- Up-to-date: /home/hj/catbot_ws/install/catbot_interfaces/include/catbot_interfaces/catbot_interfaces/msg/rosidl_generator_cpp__visibility_control.hpp
[0.524s] -- Up-to-date: /home/hj/catbot_ws/install/catbot_interfaces/include/catbot_interfaces/catbot_interfaces
[0.524s] -- Up-to-date: /home/hj/catbot_ws/install/catbot_interfaces/include/catbot_interfaces/catbot_interfaces/action
[0.524s] -- Up-to-date: /home/hj/catbot_ws/install/catbot_interfaces/include/catbot_interfaces/catbot_interfaces/action/detail
[0.524s] -- Up-to-date: /home/hj/catbot_ws/install/catbot_interfaces/include/catbot_interfaces/catbot_interfaces/action/detail/dds_fastrtps
[0.524s] -- Up-to-date: /home/hj/catbot_ws/install/catbot_interfaces/include/catbot_interfaces/catbot_interfaces/action/detail/vla_task__rosidl_typesupport_fastrtps_cpp.hpp
[0.524s] -- Up-to-date: /home/hj/catbot_ws/install/catbot_interfaces/include/catbot_interfaces/catbot_interfaces/msg
[0.524s] -- Up-to-date: /home/hj/catbot_ws/install/catbot_interfaces/include/catbot_interfaces/catbot_interfaces/msg/rosidl_typesupport_fastrtps_cpp__visibility_control.h
[0.524s] -- Up-to-date: /home/hj/catbot_ws/install/catbot_interfaces/lib/libcatbot_interfaces__rosidl_typesupport_fastrtps_cpp.so
[0.524s] -- Up-to-date: /home/hj/catbot_ws/install/catbot_interfaces/include/catbot_interfaces/catbot_interfaces
[0.524s] -- Up-to-date: /home/hj/catbot_ws/install/catbot_interfaces/include/catbot_interfaces/catbot_interfaces/action
[0.524s] -- Up-to-date: /home/hj/catbot_ws/install/catbot_interfaces/include/catbot_interfaces/catbot_interfaces/action/detail
[0.524s] -- Up-to-date: /home/hj/catbot_ws/install/catbot_interfaces/include/catbot_interfaces/catbot_interfaces/action/detail/vla_task__type_support.cpp
[0.524s] -- Up-to-date: /home/hj/catbot_ws/install/catbot_interfaces/include/catbot_interfaces/catbot_interfaces/action/detail/vla_task__rosidl_typesupport_introspection_cpp.hpp
[0.524s] -- Up-to-date: /home/hj/catbot_ws/install/catbot_interfaces/lib/libcatbot_interfaces__rosidl_typesupport_introspection_cpp.so
[0.525s] -- Up-to-date: /home/hj/catbot_ws/install/catbot_interfaces/lib/libcatbot_interfaces__rosidl_typesupport_cpp.so
[0.525s] -- Up-to-date: /home/hj/catbot_ws/install/catbot_interfaces/share/catbot_interfaces/environment/pythonpath.sh
[0.525s] -- Up-to-date: /home/hj/catbot_ws/install/catbot_interfaces/share/catbot_interfaces/environment/pythonpath.dsv
[0.525s] -- Up-to-date: /home/hj/catbot_ws/install/catbot_interfaces/local/lib/python3.10/dist-packages/catbot_interfaces-0.0.0-py3.10.egg-info
[0.525s] -- Installing: /home/hj/catbot_ws/install/catbot_interfaces/local/lib/python3.10/dist-packages/catbot_interfaces-0.0.0-py3.10.egg-info/SOURCES.txt
[0.525s] -- Installing: /home/hj/catbot_ws/install/catbot_interfaces/local/lib/python3.10/dist-packages/catbot_interfaces-0.0.0-py3.10.egg-info/dependency_links.txt
[0.525s] -- Installing: /home/hj/catbot_ws/install/catbot_interfaces/local/lib/python3.10/dist-packages/catbot_interfaces-0.0.0-py3.10.egg-info/PKG-INFO
[0.525s] -- Installing: /home/hj/catbot_ws/install/catbot_interfaces/local/lib/python3.10/dist-packages/catbot_interfaces-0.0.0-py3.10.egg-info/top_level.txt
[0.525s] -- Up-to-date: /home/hj/catbot_ws/install/catbot_interfaces/local/lib/python3.10/dist-packages/catbot_interfaces
[0.525s] -- Up-to-date: /home/hj/catbot_ws/install/catbot_interfaces/local/lib/python3.10/dist-packages/catbot_interfaces/catbot_interfaces_s__rosidl_typesupport_fastrtps_c.cpython-310-x86_64-linux-gnu.so
[0.525s] -- Up-to-date: /home/hj/catbot_ws/install/catbot_interfaces/local/lib/python3.10/dist-packages/catbot_interfaces/_catbot_interfaces_s.ep.rosidl_typesupport_fastrtps_c.c
[0.525s] -- Up-to-date: /home/hj/catbot_ws/install/catbot_interfaces/local/lib/python3.10/dist-packages/catbot_interfaces/__init__.py
[0.525s] -- Up-to-date: /home/hj/catbot_ws/install/catbot_interfaces/local/lib/python3.10/dist-packages/catbot_interfaces/_catbot_interfaces_s.ep.rosidl_typesupport_c.c
[0.525s] -- Up-to-date: /home/hj/catbot_ws/install/catbot_interfaces/local/lib/python3.10/dist-packages/catbot_interfaces/catbot_interfaces_s__rosidl_typesupport_introspection_c.cpython-310-x86_64-linux-gnu.so
[0.525s] -- Up-to-date: /home/hj/catbot_ws/install/catbot_interfaces/local/lib/python3.10/dist-packages/catbot_interfaces/catbot_interfaces_s__rosidl_typesupport_c.cpython-310-x86_64-linux-gnu.so
[0.525s] -- Up-to-date: /home/hj/catbot_ws/install/catbot_interfaces/local/lib/python3.10/dist-packages/catbot_interfaces/action
[0.525s] -- Up-to-date: /home/hj/catbot_ws/install/catbot_interfaces/local/lib/python3.10/dist-packages/catbot_interfaces/action/_vla_task.py
[0.525s] -- Up-to-date: /home/hj/catbot_ws/install/catbot_interfaces/local/lib/python3.10/dist-packages/catbot_interfaces/action/__init__.py
[0.525s] -- Up-to-date: /home/hj/catbot_ws/install/catbot_interfaces/local/lib/python3.10/dist-packages/catbot_interfaces/action/_vla_task_s.c
[0.525s] -- Up-to-date: /home/hj/catbot_ws/install/catbot_interfaces/local/lib/python3.10/dist-packages/catbot_interfaces/_catbot_interfaces_s.ep.rosidl_typesupport_introspection_c.c
[0.525s] -- Up-to-date: /home/hj/catbot_ws/install/catbot_interfaces/local/lib/python3.10/dist-packages/catbot_interfaces/libcatbot_interfaces__rosidl_generator_py.so
[0.544s] Listing '/home/hj/catbot_ws/install/catbot_interfaces/local/lib/python3.10/dist-packages/catbot_interfaces'...
[0.544s] Listing '/home/hj/catbot_ws/install/catbot_interfaces/local/lib/python3.10/dist-packages/catbot_interfaces/action'...
[0.546s] -- Up-to-date: /home/hj/catbot_ws/install/catbot_interfaces/local/lib/python3.10/dist-packages/catbot_interfaces/catbot_interfaces_s__rosidl_typesupport_fastrtps_c.cpython-310-x86_64-linux-gnu.so
[0.546s] -- Up-to-date: /home/hj/catbot_ws/install/catbot_interfaces/local/lib/python3.10/dist-packages/catbot_interfaces/catbot_interfaces_s__rosidl_typesupport_introspection_c.cpython-310-x86_64-linux-gnu.so
[0.546s] -- Up-to-date: /home/hj/catbot_ws/install/catbot_interfaces/local/lib/python3.10/dist-packages/catbot_interfaces/catbot_interfaces_s__rosidl_typesupport_c.cpython-310-x86_64-linux-gnu.so
[0.546s] -- Up-to-date: /home/hj/catbot_ws/install/catbot_interfaces/lib/libcatbot_interfaces__rosidl_generator_py.so
[0.547s] -- Up-to-date: /home/hj/catbot_ws/install/catbot_interfaces/share/catbot_interfaces/action/VlaTask.idl
[0.547s] -- Up-to-date: /home/hj/catbot_ws/install/catbot_interfaces/share/catbot_interfaces/action/VlaTask.action
[0.547s] -- Up-to-date: /home/hj/catbot_ws/install/catbot_interfaces/share/ament_index/resource_index/package_run_dependencies/catbot_interfaces
[0.547s] -- Up-to-date: /home/hj/catbot_ws/install/catbot_interfaces/share/ament_index/resource_index/parent_prefix_path/catbot_interfaces
[0.547s] -- Up-to-date: /home/hj/catbot_ws/install/catbot_interfaces/share/catbot_interfaces/environment/ament_prefix_path.sh
[0.547s] -- Up-to-date: /home/hj/catbot_ws/install/catbot_interfaces/share/catbot_interfaces/environment/ament_prefix_path.dsv
[0.547s] -- Up-to-date: /home/hj/catbot_ws/install/catbot_interfaces/share/catbot_interfaces/environment/path.sh
[0.547s] -- Up-to-date: /home/hj/catbot_ws/install/catbot_interfaces/share/catbot_interfaces/environment/path.dsv
[0.547s] -- Up-to-date: /home/hj/catbot_ws/install/catbot_interfaces/share/catbot_interfaces/local_setup.bash
[0.548s] -- Up-to-date: /home/hj/catbot_ws/install/catbot_interfaces/share/catbot_interfaces/local_setup.sh
[0.548s] -- Up-to-date: /home/hj/catbot_ws/install/catbot_interfaces/share/catbot_interfaces/local_setup.zsh
[0.548s] -- Up-to-date: /home/hj/catbot_ws/install/catbot_interfaces/share/catbot_interfaces/local_setup.dsv
[0.548s] -- Installing: /home/hj/catbot_ws/install/catbot_interfaces/share/catbot_interfaces/package.dsv
[0.548s] -- Up-to-date: /home/hj/catbot_ws/install/catbot_interfaces/share/ament_index/resource_index/packages/catbot_interfaces
[0.548s] -- Up-to-date: /home/hj/catbot_ws/install/catbot_interfaces/share/catbot_interfaces/cmake/export_catbot_interfaces__rosidl_generator_cExport.cmake
[0.548s] -- Up-to-date: /home/hj/catbot_ws/install/catbot_interfaces/share/catbot_interfaces/cmake/export_catbot_interfaces__rosidl_generator_cExport-noconfig.cmake
[0.548s] -- Up-to-date: /home/hj/catbot_ws/install/catbot_interfaces/share/catbot_interfaces/cmake/export_catbot_interfaces__rosidl_typesupport_fastrtps_cExport.cmake
[0.548s] -- Up-to-date: /home/hj/catbot_ws/install/catbot_interfaces/share/catbot_interfaces/cmake/export_catbot_interfaces__rosidl_typesupport_fastrtps_cExport-noconfig.cmake
[0.548s] -- Up-to-date: /home/hj/catbot_ws/install/catbot_interfaces/share/catbot_interfaces/cmake/catbot_interfaces__rosidl_typesupport_introspection_cExport.cmake
[0.548s] -- Up-to-date: /home/hj/catbot_ws/install/catbot_interfaces/share/catbot_interfaces/cmake/catbot_interfaces__rosidl_typesupport_introspection_cExport-noconfig.cmake
[0.548s] -- Up-to-date: /home/hj/catbot_ws/install/catbot_interfaces/share/catbot_interfaces/cmake/catbot_interfaces__rosidl_typesupport_cExport.cmake
[0.550s] -- Up-to-date: /home/hj/catbot_ws/install/catbot_interfaces/share/catbot_interfaces/cmake/catbot_interfaces__rosidl_typesupport_cExport-noconfig.cmake
[0.550s] -- Up-to-date: /home/hj/catbot_ws/install/catbot_interfaces/share/catbot_interfaces/cmake/export_catbot_interfaces__rosidl_generator_cppExport.cmake
[0.550s] -- Up-to-date: /home/hj/catbot_ws/install/catbot_interfaces/share/catbot_interfaces/cmake/export_catbot_interfaces__rosidl_typesupport_fastrtps_cppExport.cmake
[0.550s] -- Up-to-date: /home/hj/catbot_ws/install/catbot_interfaces/share/catbot_interfaces/cmake/export_catbot_interfaces__rosidl_typesupport_fastrtps_cppExport-noconfig.cmake
[0.550s] -- Up-to-date: /home/hj/catbot_ws/install/catbot_interfaces/share/catbot_interfaces/cmake/catbot_interfaces__rosidl_typesupport_introspection_cppExport.cmake
[0.550s] -- Up-to-date: /home/hj/catbot_ws/install/catbot_interfaces/share/catbot_interfaces/cmake/catbot_interfaces__rosidl_typesupport_introspection_cppExport-noconfig.cmake
[0.550s] -- Up-to-date: /home/hj/catbot_ws/install/catbot_interfaces/share/catbot_interfaces/cmake/catbot_interfaces__rosidl_typesupport_cppExport.cmake
[0.550s] -- Up-to-date: /home/hj/catbot_ws/install/catbot_interfaces/share/catbot_interfaces/cmake/catbot_interfaces__rosidl_typesupport_cppExport-noconfig.cmake
[0.550s] -- Up-to-date: /home/hj/catbot_ws/install/catbot_interfaces/share/catbot_interfaces/cmake/export_catbot_interfaces__rosidl_generator_pyExport.cmake
[0.550s] -- Up-to-date: /home/hj/catbot_ws/install/catbot_interfaces/share/catbot_interfaces/cmake/export_catbot_interfaces__rosidl_generator_pyExport-noconfig.cmake
[0.550s] -- Up-to-date: /home/hj/catbot_ws/install/catbot_interfaces/share/catbot_interfaces/cmake/rosidl_cmake-extras.cmake
[0.550s] -- Up-to-date: /home/hj/catbot_ws/install/catbot_interfaces/share/catbot_interfaces/cmake/ament_cmake_export_dependencies-extras.cmake
[0.550s] -- Up-to-date: /home/hj/catbot_ws/install/catbot_interfaces/share/catbot_interfaces/cmake/ament_cmake_export_include_directories-extras.cmake
[0.550s] -- Up-to-date: /home/hj/catbot_ws/install/catbot_interfaces/share/catbot_interfaces/cmake/ament_cmake_export_libraries-extras.cmake
[0.550s] -- Up-to-date: /home/hj/catbot_ws/install/catbot_interfaces/share/catbot_interfaces/cmake/ament_cmake_export_targets-extras.cmake
[0.550s] -- Up-to-date: /home/hj/catbot_ws/install/catbot_interfaces/share/catbot_interfaces/cmake/rosidl_cmake_export_typesupport_targets-extras.cmake
[0.550s] -- Up-to-date: /home/hj/catbot_ws/install/catbot_interfaces/share/catbot_interfaces/cmake/rosidl_cmake_export_typesupport_libraries-extras.cmake
[0.551s] -- Up-to-date: /home/hj/catbot_ws/install/catbot_interfaces/share/catbot_interfaces/cmake/catbot_interfacesConfig.cmake
[0.551s] -- Up-to-date: /home/hj/catbot_ws/install/catbot_interfaces/share/catbot_interfaces/cmake/catbot_interfacesConfig-version.cmake
[0.551s] -- Up-to-date: /home/hj/catbot_ws/install/catbot_interfaces/share/catbot_interfaces/package.xml
[0.551s] Invoked command in '/home/hj/catbot_ws/build/catbot_interfaces' returned '0': CMAKE_PREFIX_PATH=${CMAKE_PREFIX_PATH}:/opt/ros/humble /home/hj/anaconda3/bin/cmake --install /home/hj/catbot_ws/build/catbot_interfaces
